<?xml version="1.0" encoding="UTF-8"?>
<!-- Generated by org.testng.reporters.JUnitReportReporter -->
<testsuite hostname="LP-PF2WLB53" name="Webdriver.Example.DDLlist" tests="1" failures="0" timestamp="9 Aug 2021 04:39:09 GMT" time="8.987" errors="0">
  <testcase name="testButton" time="8.987" classname="Webdriver.Example.DDLlist"/>
</testsuite> <!-- Webdriver.Example.DDLlist -->
