<?xml version="1.0" encoding="UTF-8"?>
<!-- Generated by org.testng.reporters.JUnitReportReporter -->
<testsuite hostname="LP-PF2WLB53" name="Webdriver.Example.NewTest" tests="1" failures="0" timestamp="11 Aug 2021 07:11:56 GMT" time="6.923" errors="0">
  <testcase name="f" time="6.923" classname="Webdriver.Example.NewTest"/>
</testsuite> <!-- Webdriver.Example.NewTest -->
