<?xml version="1.0" encoding="UTF-8"?>
<!-- Generated by org.testng.reporters.JUnitReportReporter -->
<testsuite hostname="LP-PF2WLB53" name="Webdriver.Example.PopupAlert" tests="1" failures="0" timestamp="9 Aug 2021 05:26:00 GMT" time="11.426" errors="0">
  <testcase name="testAlert" time="11.426" classname="Webdriver.Example.PopupAlert"/>
</testsuite> <!-- Webdriver.Example.PopupAlert -->
