<?xml version="1.0" encoding="UTF-8"?>
<!-- Generated by org.testng.reporters.JUnitReportReporter -->
<testsuite hostname="LP-PF2WLB53" name="Webdriver.Example.ImplicitWait" tests="1" failures="0" timestamp="10 Aug 2021 17:15:14 GMT" time="6.470" errors="0">
  <testcase name="f" time="6.470" classname="Webdriver.Example.ImplicitWait"/>
</testsuite> <!-- Webdriver.Example.ImplicitWait -->
