<?xml version="1.0" encoding="UTF-8"?>
<!-- Generated by org.testng.reporters.JUnitReportReporter -->
<testsuite hostname="LP-PF2WLB53" name="Webdriver.Example.Frames" tests="1" failures="0" timestamp="9 Aug 2021 16:57:02 GMT" time="10.068" errors="0">
  <testcase name="f" time="10.068" classname="Webdriver.Example.Frames"/>
</testsuite> <!-- Webdriver.Example.Frames -->
