<?xml version="1.0" encoding="UTF-8"?>
<!-- Generated by org.testng.reporters.JUnitReportReporter -->
<testsuite hostname="LP-PF2WLB53" name="Webdriver.Example.RobotScreenshot" tests="1" failures="0" timestamp="13 Aug 2021 05:00:46 GMT" time="11.557" errors="0">
  <testcase name="testAlert" time="11.557" classname="Webdriver.Example.RobotScreenshot"/>
</testsuite> <!-- Webdriver.Example.RobotScreenshot -->
