<?xml version="1.0" encoding="UTF-8"?>
<!-- Generated by org.testng.reporters.JUnitReportReporter -->
<testsuite hostname="LP-PF2WLB53" name="Webdriver.Example.Checkbox" tests="1" failures="0" timestamp="18 Aug 2021 17:40:08 GMT" time="6.847" errors="0">
  <testcase name="testCheckbox" time="6.847" classname="Webdriver.Example.Checkbox"/>
</testsuite> <!-- Webdriver.Example.Checkbox -->
