<?xml version="1.0" encoding="UTF-8"?>
<!-- Generated by org.testng.reporters.JUnitReportReporter -->
<testsuite hostname="LP-PF2WLB53" name="Webdriver.Example.DragAndDrop" tests="1" failures="0" timestamp="12 Aug 2021 07:51:23 GMT" time="9.968" errors="0">
  <testcase name="f" time="9.968" classname="Webdriver.Example.DragAndDrop"/>
</testsuite> <!-- Webdriver.Example.DragAndDrop -->
