<?xml version="1.0" encoding="UTF-8"?>
<!-- Generated by org.testng.reporters.JUnitReportReporter -->
<testsuite hostname="LP-PF2WLB53" name="Webdriver.Example.Radio" tests="1" failures="0" timestamp="9 Aug 2021 04:10:28 GMT" time="6.804" errors="0">
  <testcase name="f" time="6.804" classname="Webdriver.Example.Radio"/>
</testsuite> <!-- Webdriver.Example.Radio -->
