<?xml version="1.0" encoding="UTF-8"?>
<!-- Generated by org.testng.reporters.JUnitReportReporter -->
<testsuite hostname="LP-PF2WLB53" name="Webdriver.Example.ActionClass" tests="1" failures="0" timestamp="10 Aug 2021 18:19:58 GMT" time="7.607" errors="0">
  <testcase name="f" time="7.607" classname="Webdriver.Example.ActionClass"/>
</testsuite> <!-- Webdriver.Example.ActionClass -->
