<?xml version="1.0" encoding="UTF-8"?>
<!-- Generated by org.testng.reporters.JUnitReportReporter -->
<testsuite hostname="LP-PF2WLB53" name="Webdriver.Example.PromtAlert" tests="1" failures="0" timestamp="9 Aug 2021 05:28:17 GMT" time="17.108" errors="0">
  <testcase name="testAlert" time="17.108" classname="Webdriver.Example.PromtAlert"/>
</testsuite> <!-- Webdriver.Example.PromtAlert -->
