<?xml version="1.0" encoding="UTF-8"?>
<!-- Generated by org.testng.reporters.JUnitReportReporter -->
<testsuite hostname="LP-PF2WLB53" name="Webdriver.Example.DatePicker" tests="1" failures="0" timestamp="16 Aug 2021 04:20:39 GMT" time="17.431" errors="0">
  <testcase name="testAlert" time="17.431" classname="Webdriver.Example.DatePicker"/>
</testsuite> <!-- Webdriver.Example.DatePicker -->
