<?xml version="1.0" encoding="UTF-8"?>
<!-- Generated by org.testng.reporters.JUnitReportReporter -->
<testsuite hostname="LP-PF2WLB53" name="Webdriver.Example.MulWindows" tests="1" failures="0" timestamp="10 Aug 2021 03:47:27 GMT" time="10.988" errors="0">
  <testcase name="f" time="10.988" classname="Webdriver.Example.MulWindows"/>
</testsuite> <!-- Webdriver.Example.MulWindows -->
